2024-06-02 12:22:34 Loading main app package /usr/lib/obsidian/obsidian.asar
2024-06-02 12:22:34 Checking for update using Github
2024-06-02 12:22:35 Success.
2024-06-02 12:22:35 Latest version is 1.5.12
2024-06-02 12:22:35 App is up to date.
2024-06-02 13:22:34 Checking for update using Github
2024-06-02 13:22:35 Success.
2024-06-02 13:22:35 Latest version is 1.5.12
2024-06-02 13:22:35 App is up to date.
2024-06-02 13:26:28 Loading main app package /usr/lib/obsidian/obsidian.asar
2024-06-02 13:26:28 Checking for update using Github
2024-06-02 13:26:28 Success.
2024-06-02 13:26:28 Latest version is 1.5.12
2024-06-02 13:26:28 App is up to date.
2024-06-02 13:30:25 Loading main app package /usr/lib/obsidian/obsidian.asar
2024-06-02 13:30:25 Checking for update using Github
2024-06-02 13:30:25 Success.
2024-06-02 13:30:25 Latest version is 1.5.12
2024-06-02 13:30:25 App is up to date.
2024-06-02 13:36:31 Loading main app package /usr/lib/obsidian/obsidian.asar
2024-06-02 13:36:32 Checking for update using Github
2024-06-02 13:36:32 Success.
2024-06-02 13:36:32 Latest version is 1.5.12
2024-06-02 13:36:32 App is up to date.
2024-06-02 14:09:30 Loading main app package /usr/lib/obsidian/obsidian.asar
2024-06-02 14:09:30 Checking for update using Github
2024-06-02 14:09:31 Success.
2024-06-02 14:09:31 Latest version is 1.5.12
2024-06-02 14:09:31 App is up to date.
2024-06-02 14:36:57 Loading main app package /usr/lib/obsidian/obsidian.asar
2024-06-02 14:36:58 Checking for update using Github
2024-06-02 14:36:58 Success.
2024-06-02 14:36:58 Latest version is 1.5.12
2024-06-02 14:36:58 App is up to date.
2024-06-02 15:36:58 Checking for update using Github
2024-06-02 15:36:58 Success.
2024-06-02 15:36:58 Latest version is 1.5.12
2024-06-02 15:36:58 App is up to date.
2024-06-03 11:01:10 Loading main app package /usr/lib/obsidian/obsidian.asar
2024-06-03 11:01:10 Checking for update using Github
2024-06-03 11:01:10 Success.
2024-06-03 11:01:10 Latest version is 1.5.12
2024-06-03 11:01:10 App is up to date.
2024-06-03 11:25:32 Loading main app package /usr/lib/obsidian/obsidian.asar
2024-06-03 11:25:32 Checking for update using Github
2024-06-03 11:25:34 Success.
2024-06-03 11:25:34 Latest version is 1.5.12
2024-06-03 11:25:34 App is up to date.
2024-06-04 11:20:39 Loading main app package /usr/lib/obsidian/obsidian.asar
2024-06-04 11:20:39 Checking for update using Github
2024-06-04 11:20:39 Success.
2024-06-04 11:20:39 Latest version is 1.5.12
2024-06-04 11:20:39 App is up to date.
2024-06-04 11:53:35 Loading main app package /usr/lib/obsidian/obsidian.asar
2024-06-04 11:53:35 Checking for update using Github
2024-06-04 11:53:35 Success.
2024-06-04 11:53:35 Latest version is 1.5.12
2024-06-04 11:53:35 App is up to date.
2024-06-04 12:53:35 Checking for update using Github
2024-06-04 12:53:35 Success.
2024-06-04 12:53:35 Latest version is 1.5.12
2024-06-04 12:53:35 App is up to date.
2024-06-04 13:26:52 Loading main app package /usr/lib/obsidian/obsidian.asar
2024-06-04 13:26:52 Checking for update using Github
2024-06-04 13:26:52 Success.
2024-06-04 13:26:52 Latest version is 1.5.12
2024-06-04 13:26:52 App is up to date.
2024-06-04 13:27:07 Loading main app package /usr/lib/obsidian/obsidian.asar
2024-06-04 13:27:07 Checking for update using Github
2024-06-04 13:27:07 Success.
2024-06-04 13:27:07 Latest version is 1.5.12
2024-06-04 13:27:07 App is up to date.
2024-06-04 13:43:26 Loading main app package /usr/lib/obsidian/obsidian.asar
2024-06-04 13:43:26 Checking for update using Github
2024-06-04 13:43:26 Success.
2024-06-04 13:43:26 Latest version is 1.5.12
2024-06-04 13:43:26 App is up to date.
2024-06-04 14:43:26 Checking for update using Github
2024-06-04 14:43:26 Success.
2024-06-04 14:43:26 Latest version is 1.5.12
2024-06-04 14:43:26 App is up to date.
2024-06-04 15:43:26 Checking for update using Github
2024-06-04 15:43:26 Success.
2024-06-04 15:43:26 Latest version is 1.5.12
2024-06-04 15:43:26 App is up to date.
2024-06-04 16:43:26 Checking for update using Github
2024-06-04 16:43:27 Success.
2024-06-04 16:43:27 Latest version is 1.5.12
2024-06-04 16:43:27 App is up to date.
2024-06-04 17:43:26 Checking for update using Github
2024-06-04 17:43:27 Success.
2024-06-04 17:43:27 Latest version is 1.5.12
2024-06-04 17:43:27 App is up to date.
2024-06-04 18:43:26 Checking for update using Github
2024-06-04 18:43:26 Success.
2024-06-04 18:43:26 Latest version is 1.5.12
2024-06-04 18:43:26 App is up to date.
2024-06-04 19:43:26 Checking for update using Github
2024-06-04 19:43:27 Success.
2024-06-04 19:43:27 Latest version is 1.5.12
2024-06-04 19:43:27 App is up to date.
2024-06-05 06:45:21 Loading main app package /usr/lib/obsidian/obsidian.asar
2024-06-05 06:45:21 Checking for update using Github
2024-06-05 06:45:22 Success.
2024-06-05 06:45:22 Latest version is 1.5.12
2024-06-05 06:45:22 App is up to date.
2024-06-05 07:45:21 Checking for update using Github
2024-06-05 07:45:22 Success.
2024-06-05 07:45:22 Latest version is 1.5.12
2024-06-05 07:45:22 App is up to date.
2024-06-05 08:45:21 Checking for update using Github
2024-06-05 08:45:22 Success.
2024-06-05 08:45:22 Latest version is 1.5.12
2024-06-05 08:45:22 App is up to date.
2024-06-05 09:28:16 Loading main app package /usr/lib/obsidian/obsidian.asar
2024-06-05 09:28:16 Checking for update using Github
2024-06-05 09:28:16 Success.
2024-06-05 09:28:16 Latest version is 1.5.12
2024-06-05 09:28:16 App is up to date.
2024-06-05 09:30:05 Loading main app package /usr/lib/obsidian/obsidian.asar
2024-06-05 09:30:06 Checking for update using Github
2024-06-05 09:30:06 Success.
2024-06-05 09:30:06 Latest version is 1.5.12
2024-06-05 09:30:06 App is up to date.
2024-06-05 10:30:06 Checking for update using Github
2024-06-05 10:30:06 Success.
2024-06-05 10:30:06 Latest version is 1.5.12
2024-06-05 10:30:06 App is up to date.
2024-06-05 11:30:06 Checking for update using Github
2024-06-05 11:30:06 Success.
2024-06-05 11:30:06 Latest version is 1.5.12
2024-06-05 11:30:06 App is up to date.
2024-06-05 12:30:06 Checking for update using Github
2024-06-05 12:30:06 Success.
2024-06-05 12:30:06 Latest version is 1.5.12
2024-06-05 12:30:06 App is up to date.
2024-06-05 13:30:06 Checking for update using Github
2024-06-05 13:30:06 Success.
2024-06-05 13:30:06 Latest version is 1.5.12
2024-06-05 13:30:06 App is up to date.
2024-06-05 14:30:06 Checking for update using Github
2024-06-05 14:30:06 Success.
2024-06-05 14:30:06 Latest version is 1.5.12
2024-06-05 14:30:06 App is up to date.
2024-06-05 15:30:06 Checking for update using Github
2024-06-05 15:30:06 Success.
2024-06-05 15:30:06 Latest version is 1.5.12
2024-06-05 15:30:06 App is up to date.
2024-06-05 16:30:06 Checking for update using Github
2024-06-05 16:30:06 Success.
2024-06-05 16:30:06 Latest version is 1.5.12
2024-06-05 16:30:06 App is up to date.
2024-06-05 17:30:06 Checking for update using Github
2024-06-05 17:30:07 Success.
2024-06-05 17:30:07 Latest version is 1.5.12
2024-06-05 17:30:07 App is up to date.
2024-06-05 18:30:06 Checking for update using Github
2024-06-05 18:30:06 Success.
2024-06-05 18:30:06 Latest version is 1.5.12
2024-06-05 18:30:06 App is up to date.
2024-06-05 19:30:06 Checking for update using Github
2024-06-05 19:30:07 Success.
2024-06-05 19:30:07 Latest version is 1.5.12
2024-06-05 19:30:07 App is up to date.
2024-06-06 07:13:05 Loading main app package /usr/lib/obsidian/obsidian.asar
2024-06-06 07:13:05 Checking for update using Github
2024-06-06 07:13:05 Failed to check for update using Github (net::ERR_NAME_NOT_RESOLVED)
2024-06-06 07:13:05 Checking for update using obsidian.md
2024-06-06 07:13:05 Failed to check for update using obsidian.md (net::ERR_NAME_NOT_RESOLVED)
2024-06-06 08:13:05 Checking for update using Github
2024-06-06 08:13:05 Success.
2024-06-06 08:13:05 Latest version is 1.5.12
2024-06-06 08:13:05 App is up to date.
2024-06-06 08:18:28 Loading main app package /usr/lib/obsidian/obsidian.asar
2024-06-06 08:18:29 Checking for update using Github
2024-06-06 08:18:31 Success.
2024-06-06 08:18:31 Latest version is 1.5.12
2024-06-06 08:18:31 App is up to date.
2024-06-06 08:19:00 Loading main app package /usr/lib/obsidian/obsidian.asar
2024-06-06 08:19:00 Checking for update using Github
2024-06-06 08:19:00 Success.
2024-06-06 08:19:00 Latest version is 1.5.12
2024-06-06 08:19:00 App is up to date.
2024-06-06 08:21:42 Loading main app package /usr/lib/obsidian/obsidian.asar
2024-06-06 08:21:42 Checking for update using Github
2024-06-06 08:21:42 Success.
2024-06-06 08:21:42 Latest version is 1.5.12
2024-06-06 08:21:42 App is up to date.
2024-06-06 08:33:17 Loading main app package /usr/lib/obsidian/obsidian.asar
2024-06-06 08:33:18 Checking for update using Github
2024-06-06 08:33:18 Success.
2024-06-06 08:33:18 Latest version is 1.5.12
2024-06-06 08:33:18 App is up to date.
2024-06-06 08:34:36 Loading main app package /usr/lib/obsidian/obsidian.asar
2024-06-06 08:34:36 Checking for update using Github
2024-06-06 08:34:36 Success.
2024-06-06 08:34:36 Latest version is 1.5.12
2024-06-06 08:34:36 App is up to date.
2024-06-06 09:34:36 Checking for update using Github
2024-06-06 09:34:36 Success.
2024-06-06 09:34:36 Latest version is 1.5.12
2024-06-06 09:34:36 App is up to date.
2024-06-06 10:05:56 Loading main app package /usr/lib/obsidian/obsidian.asar
2024-06-06 10:05:56 Checking for update using Github
2024-06-06 10:34:36 Checking for update using Github
2024-06-06 10:34:36 Success.
2024-06-06 10:34:36 Latest version is 1.5.12
2024-06-06 10:34:36 App is up to date.
2024-06-06 11:34:36 Checking for update using Github
2024-06-06 11:34:36 Success.
2024-06-06 11:34:36 Latest version is 1.5.12
2024-06-06 11:34:36 App is up to date.
2024-06-06 12:34:36 Checking for update using Github
2024-06-06 12:34:36 Success.
2024-06-06 12:34:36 Latest version is 1.5.12
2024-06-06 12:34:36 App is up to date.
2024-06-06 13:34:36 Checking for update using Github
2024-06-06 13:34:37 Success.
2024-06-06 13:34:37 Latest version is 1.5.12
2024-06-06 13:34:37 App is up to date.
2024-06-06 14:34:36 Checking for update using Github
2024-06-06 14:34:37 Success.
2024-06-06 14:34:37 Latest version is 1.5.12
2024-06-06 14:34:37 App is up to date.
2024-06-06 15:34:36 Checking for update using Github
2024-06-06 15:34:42 Success.
2024-06-06 15:34:42 Latest version is 1.5.12
2024-06-06 15:34:42 App is up to date.
2024-06-06 16:34:36 Checking for update using Github
2024-06-06 16:34:37 Success.
2024-06-06 16:34:37 Latest version is 1.5.12
2024-06-06 16:34:37 App is up to date.
2024-06-07 07:19:36 Loading main app package /usr/lib/obsidian/obsidian.asar
2024-06-07 07:19:36 Checking for update using Github
2024-06-07 07:19:37 Success.
2024-06-07 07:19:37 Latest version is 1.5.12
2024-06-07 07:19:37 App is up to date.
2024-06-07 08:19:36 Checking for update using Github
2024-06-07 08:19:36 Success.
2024-06-07 08:19:36 Latest version is 1.5.12
2024-06-07 08:19:36 App is up to date.
2024-06-07 09:19:36 Checking for update using Github
2024-06-07 09:19:37 Success.
2024-06-07 09:19:37 Latest version is 1.5.12
2024-06-07 09:19:37 App is up to date.
2024-06-07 10:19:36 Checking for update using Github
2024-06-07 10:19:37 Success.
2024-06-07 10:19:37 Latest version is 1.5.12
2024-06-07 10:19:37 App is up to date.
2024-06-07 11:19:36 Checking for update using Github
2024-06-07 11:19:37 Success.
2024-06-07 11:19:37 Latest version is 1.5.12
2024-06-07 11:19:37 App is up to date.
2024-06-07 12:19:36 Checking for update using Github
2024-06-07 12:19:37 Success.
2024-06-07 12:19:37 Latest version is 1.5.12
2024-06-07 12:19:37 App is up to date.
2024-06-07 12:47:28 Loading main app package /usr/lib/obsidian/obsidian.asar
2024-06-07 12:47:29 Checking for update using Github
2024-06-07 13:19:37 Checking for update using Github
2024-06-07 13:19:37 Success.
2024-06-07 13:19:37 Latest version is 1.5.12
2024-06-07 13:19:37 App is up to date.
2024-06-07 14:19:37 Checking for update using Github
2024-06-07 14:19:37 Success.
2024-06-07 14:19:37 Latest version is 1.5.12
2024-06-07 14:19:37 App is up to date.
2024-06-07 15:19:37 Checking for update using Github
2024-06-07 15:19:37 Success.
2024-06-07 15:19:37 Latest version is 1.5.12
2024-06-07 15:19:37 App is up to date.
2024-06-07 16:19:37 Checking for update using Github
2024-06-07 16:19:37 Success.
2024-06-07 16:19:37 Latest version is 1.6.2
2024-06-07 16:19:37 Downloading update from https://github.com/obsidianmd/obsidian-releases/releases/download/v1.6.2/obsidian-1.6.2.asar.gz
2024-06-07 16:19:48 Verifying hash & signature. Size= 8794467
2024-06-07 16:19:48 Saving file
2024-06-07 16:19:48 Update complete.
2024-06-07 17:19:37 Checking for update using Github
2024-06-07 17:19:37 Success.
2024-06-07 17:19:37 Latest version is 1.6.2
2024-06-07 17:19:37 An update is already downloaded.
2024-06-07 18:19:37 Checking for update using Github
2024-06-07 18:19:37 Success.
2024-06-07 18:19:37 Latest version is 1.6.2
2024-06-07 18:19:37 An update is already downloaded.
2024-06-08 05:29:41 Loading updated app package /home/Solalek/.config/obsidian/obsidian-1.6.2.asar
2024-06-08 05:29:41 Checking for update using Github
2024-06-08 05:29:41 Failed to check for update using Github (net::ERR_NAME_NOT_RESOLVED)
2024-06-08 05:29:41 Checking for update using obsidian.md
2024-06-08 05:29:41 Failed to check for update using obsidian.md (net::ERR_NAME_NOT_RESOLVED)
2024-06-08 06:29:41 Checking for update using Github
2024-06-08 06:29:41 Success.
2024-06-08 06:29:41 Latest version is 1.6.2
2024-06-08 06:29:41 App is up to date.
2024-06-08 07:29:41 Checking for update using Github
2024-06-08 07:29:41 Success.
2024-06-08 07:29:41 Latest version is 1.6.2
2024-06-08 07:29:41 App is up to date.
2024-06-08 08:29:41 Checking for update using Github
2024-06-08 08:29:41 Success.
2024-06-08 08:29:41 Latest version is 1.6.2
2024-06-08 08:29:41 App is up to date.
2024-06-08 09:29:41 Checking for update using Github
2024-06-08 09:29:41 Success.
2024-06-08 09:29:41 Latest version is 1.6.2
2024-06-08 09:29:41 App is up to date.
2024-06-08 10:29:41 Checking for update using Github
2024-06-08 10:29:42 Success.
2024-06-08 10:29:42 Latest version is 1.6.2
2024-06-08 10:29:42 App is up to date.
2024-06-08 11:29:41 Checking for update using Github
2024-06-08 11:29:41 Success.
2024-06-08 11:29:41 Latest version is 1.6.2
2024-06-08 11:29:41 App is up to date.
2024-06-08 12:29:41 Checking for update using Github
2024-06-08 12:29:42 Success.
2024-06-08 12:29:42 Latest version is 1.6.2
2024-06-08 12:29:42 App is up to date.
2024-06-08 13:29:41 Checking for update using Github
2024-06-08 13:29:42 Success.
2024-06-08 13:29:42 Latest version is 1.6.2
2024-06-08 13:29:42 App is up to date.
2024-06-08 14:29:41 Checking for update using Github
2024-06-08 14:29:42 Success.
2024-06-08 14:29:42 Latest version is 1.6.2
2024-06-08 14:29:42 App is up to date.
2024-06-08 15:29:41 Checking for update using Github
2024-06-08 15:29:42 Success.
2024-06-08 15:29:42 Latest version is 1.6.2
2024-06-08 15:29:42 App is up to date.
2024-06-08 16:29:42 Checking for update using Github
2024-06-08 16:29:42 Success.
2024-06-08 16:29:42 Latest version is 1.6.2
2024-06-08 16:29:42 App is up to date.
2024-06-08 17:29:42 Checking for update using Github
2024-06-08 17:29:42 Success.
2024-06-08 17:29:42 Latest version is 1.6.2
2024-06-08 17:29:42 App is up to date.
2024-06-08 18:29:42 Checking for update using Github
2024-06-08 18:29:42 Success.
2024-06-08 18:29:42 Latest version is 1.6.3
2024-06-08 18:29:42 Downloading update from https://github.com/obsidianmd/obsidian-releases/releases/download/v1.6.3/obsidian-1.6.3.asar.gz
2024-06-08 18:29:54 Verifying hash & signature. Size= 8794449
2024-06-08 18:29:54 Saving file
2024-06-08 18:29:54 Update complete.
2024-06-09 06:57:25 Loading updated app package /home/Solalek/.config/obsidian/obsidian-1.6.3.asar
2024-06-09 06:57:25 Checking for update using Github
2024-06-09 06:57:25 Failed to check for update using Github (net::ERR_NAME_NOT_RESOLVED)
2024-06-09 06:57:25 Checking for update using obsidian.md
2024-06-09 06:57:25 Failed to check for update using obsidian.md (net::ERR_NAME_NOT_RESOLVED)
2024-06-09 07:57:25 Checking for update using Github
2024-06-09 07:57:25 Success.
2024-06-09 07:57:25 Latest version is 1.6.3
2024-06-09 07:57:25 App is up to date.
2024-06-09 08:57:25 Checking for update using Github
2024-06-09 08:57:26 Success.
2024-06-09 08:57:26 Latest version is 1.6.3
2024-06-09 08:57:26 App is up to date.
2024-06-09 09:57:25 Checking for update using Github
2024-06-09 09:57:26 Success.
2024-06-09 09:57:26 Latest version is 1.6.3
2024-06-09 09:57:26 App is up to date.
2024-06-09 10:13:20 Loading main app package /usr/lib/obsidian/obsidian.asar
2024-06-09 10:13:21 Checking for update using Github
2024-06-09 10:13:21 Failed to check for update using Github (net::ERR_NAME_NOT_RESOLVED)
2024-06-09 10:13:21 Checking for update using obsidian.md
2024-06-09 10:13:21 Failed to check for update using obsidian.md (net::ERR_NAME_NOT_RESOLVED)
2024-06-09 11:13:20 Checking for update using Github
2024-06-09 11:13:21 Success.
2024-06-09 11:13:21 Latest version is 1.6.3
2024-06-09 11:13:21 App is up to date.
2024-06-09 12:13:21 Checking for update using Github
2024-06-09 12:13:21 Success.
2024-06-09 12:13:21 Latest version is 1.6.3
2024-06-09 12:13:21 App is up to date.
2024-06-09 13:13:21 Checking for update using Github
2024-06-09 13:13:21 Success.
2024-06-09 13:13:21 Latest version is 1.6.3
2024-06-09 13:13:21 App is up to date.
2024-06-09 14:13:21 Checking for update using Github
2024-06-09 14:13:21 Success.
2024-06-09 14:13:21 Latest version is 1.6.3
2024-06-09 14:13:21 App is up to date.
2024-06-09 15:13:21 Checking for update using Github
2024-06-09 15:13:21 Success.
2024-06-09 15:13:21 Latest version is 1.6.3
2024-06-09 15:13:21 App is up to date.
2024-06-09 16:13:21 Checking for update using Github
2024-06-09 16:13:21 Success.
2024-06-09 16:13:21 Latest version is 1.6.3
2024-06-09 16:13:21 App is up to date.
2024-06-09 17:13:21 Checking for update using Github
2024-06-09 17:13:21 Success.
2024-06-09 17:13:21 Latest version is 1.6.3
2024-06-09 17:13:21 App is up to date.
2024-06-09 18:13:21 Checking for update using Github
2024-06-09 18:13:21 Success.
2024-06-09 18:13:21 Latest version is 1.6.3
2024-06-09 18:13:21 App is up to date.
2024-06-09 19:13:21 Checking for update using Github
2024-06-09 19:13:21 Success.
2024-06-09 19:13:21 Latest version is 1.6.3
2024-06-09 19:13:21 App is up to date.
2024-06-10 06:36:15 Loading main app package /usr/lib/obsidian/obsidian.asar
2024-06-10 06:36:16 Checking for update using Github
2024-06-10 06:36:16 Failed to check for update using Github (net::ERR_NAME_NOT_RESOLVED)
2024-06-10 06:36:16 Checking for update using obsidian.md
2024-06-10 06:36:16 Failed to check for update using obsidian.md (net::ERR_NAME_NOT_RESOLVED)
2024-06-10 07:36:15 Checking for update using Github
2024-06-10 07:36:16 Success.
2024-06-10 07:36:16 Latest version is 1.6.3
2024-06-10 07:36:16 App is up to date.
2024-06-10 08:36:15 Checking for update using Github
2024-06-10 08:36:16 Success.
2024-06-10 08:36:16 Latest version is 1.6.3
2024-06-10 08:36:16 App is up to date.
2024-06-10 09:36:15 Checking for update using Github
2024-06-10 09:36:16 Success.
2024-06-10 09:36:16 Latest version is 1.6.3
2024-06-10 09:36:16 App is up to date.
2024-06-10 10:23:30 Loading main app package /usr/lib/obsidian/obsidian.asar
2024-06-10 10:23:30 Checking for update using Github
2024-06-10 10:36:16 Checking for update using Github
2024-06-10 10:36:16 Success.
2024-06-10 10:36:16 Latest version is 1.6.3
2024-06-10 10:36:16 App is up to date.
2024-06-10 11:34:34 Loading main app package /usr/lib/obsidian/obsidian.asar
2024-06-10 11:34:34 Checking for update using Github
2024-06-10 11:38:56 Loading main app package /usr/lib/obsidian/obsidian.asar
2024-06-10 11:38:56 Checking for update using Github
2024-06-10 11:38:56 Failed to check for update using Github (net::ERR_NAME_NOT_RESOLVED)
2024-06-10 11:38:56 Checking for update using obsidian.md
2024-06-10 11:38:56 Failed to check for update using obsidian.md (net::ERR_NAME_NOT_RESOLVED)
2024-06-10 12:38:56 Checking for update using Github
2024-06-10 12:38:56 Success.
2024-06-10 12:38:56 Latest version is 1.6.3
2024-06-10 12:38:56 App is up to date.
2024-06-10 13:38:56 Checking for update using Github
2024-06-10 13:38:56 Success.
2024-06-10 13:38:56 Latest version is 1.6.3
2024-06-10 13:38:56 App is up to date.
2024-06-10 13:48:30 Loading main app package /usr/lib/obsidian/obsidian.asar
2024-06-10 13:48:30 Checking for update using Github
2024-06-10 13:48:30 Success.
2024-06-10 13:48:30 Latest version is 1.6.3
2024-06-10 13:48:30 App is up to date.
2024-06-10 13:50:16 Loading main app package /usr/lib/obsidian/obsidian.asar
2024-06-10 13:50:16 Checking for update using Github
2024-06-10 13:50:16 Success.
2024-06-10 13:50:16 Latest version is 1.6.3
2024-06-10 13:50:16 App is up to date.
2024-06-10 14:50:16 Checking for update using Github
2024-06-10 14:50:16 Success.
2024-06-10 14:50:16 Latest version is 1.6.3
2024-06-10 14:50:16 App is up to date.
2024-06-10 15:50:16 Checking for update using Github
2024-06-10 15:50:16 Success.
2024-06-10 15:50:16 Latest version is 1.6.3
2024-06-10 15:50:16 App is up to date.
2024-06-10 16:50:16 Checking for update using Github
2024-06-10 16:50:16 Success.
2024-06-10 16:50:16 Latest version is 1.6.3
2024-06-10 16:50:16 App is up to date.
2024-06-10 17:50:16 Checking for update using Github
2024-06-10 17:50:16 Success.
2024-06-10 17:50:16 Latest version is 1.6.3
2024-06-10 17:50:16 App is up to date.
2024-06-11 07:18:51 Loading main app package /usr/lib/obsidian/obsidian.asar
2024-06-11 07:18:51 Checking for update using Github
2024-06-11 07:18:52 Success.
2024-06-11 07:18:52 Latest version is 1.6.3
2024-06-11 07:18:52 App is up to date.
2024-06-11 07:59:46 Loading main app package /usr/lib/obsidian/obsidian.asar
2024-06-11 07:59:46 Checking for update using Github
2024-06-11 07:59:47 Success.
2024-06-11 07:59:47 Latest version is 1.6.3
2024-06-11 07:59:47 App is up to date.
2024-06-11 08:40:07 Loading main app package /usr/lib/obsidian/obsidian.asar
2024-06-11 08:40:07 Checking for update using Github
2024-06-11 08:40:08 Success.
2024-06-11 08:40:08 Latest version is 1.6.3
2024-06-11 08:40:08 App is up to date.
2024-06-11 10:41:08 Loading main app package /usr/lib/obsidian/obsidian.asar
2024-06-11 10:41:08 Checking for update using Github
2024-06-11 10:41:08 Failed to check for update using Github (net::ERR_NAME_NOT_RESOLVED)
2024-06-11 10:41:08 Checking for update using obsidian.md
2024-06-11 10:41:08 Failed to check for update using obsidian.md (net::ERR_NAME_NOT_RESOLVED)
2024-06-11 11:41:08 Checking for update using Github
2024-06-11 11:41:08 Success.
2024-06-11 11:41:08 Latest version is 1.6.3
2024-06-11 11:41:08 App is up to date.
2024-06-11 12:41:08 Checking for update using Github
2024-06-11 12:41:08 Success.
2024-06-11 12:41:08 Latest version is 1.6.3
2024-06-11 12:41:08 App is up to date.
2024-06-11 13:41:08 Checking for update using Github
2024-06-11 13:41:08 Success.
2024-06-11 13:41:08 Latest version is 1.6.3
2024-06-11 13:41:08 App is up to date.
2024-06-11 14:41:08 Checking for update using Github
2024-06-11 14:41:08 Success.
2024-06-11 14:41:08 Latest version is 1.6.3
2024-06-11 14:41:08 App is up to date.
2024-06-11 15:41:08 Checking for update using Github
2024-06-11 15:41:08 Success.
2024-06-11 15:41:08 Latest version is 1.6.3
2024-06-11 15:41:08 App is up to date.
2024-06-11 16:07:37 Loading main app package /usr/lib/obsidian/obsidian.asar
2024-06-11 16:07:38 Checking for update using Github
2024-06-11 16:07:38 Success.
2024-06-11 16:07:38 Latest version is 1.6.3
2024-06-11 16:07:38 App is up to date.
2024-06-11 17:07:38 Checking for update using Github
2024-06-11 17:07:38 Success.
2024-06-11 17:07:38 Latest version is 1.6.3
2024-06-11 17:07:38 App is up to date.
2024-06-11 18:07:38 Checking for update using Github
2024-06-11 18:07:38 Success.
2024-06-11 18:07:38 Latest version is 1.6.3
2024-06-11 18:07:38 App is up to date.
2024-06-12 07:07:36 Loading main app package /usr/lib/obsidian/obsidian.asar
2024-06-12 07:07:36 Checking for update using Github
2024-06-12 07:07:36 Failed to check for update using Github (net::ERR_NAME_NOT_RESOLVED)
2024-06-12 07:07:36 Checking for update using obsidian.md
2024-06-12 07:07:36 Failed to check for update using obsidian.md (net::ERR_NAME_NOT_RESOLVED)
2024-06-12 08:07:36 Checking for update using Github
2024-06-12 08:07:36 Success.
2024-06-12 08:07:36 Latest version is 1.6.3
2024-06-12 08:07:36 App is up to date.
2024-06-12 09:07:36 Checking for update using Github
2024-06-12 09:07:37 Success.
2024-06-12 09:07:37 Latest version is 1.6.3
2024-06-12 09:07:37 App is up to date.
2024-06-12 10:07:36 Checking for update using Github
2024-06-12 10:07:37 Success.
2024-06-12 10:07:37 Latest version is 1.6.3
2024-06-12 10:07:37 App is up to date.
2024-06-12 11:07:36 Checking for update using Github
2024-06-12 11:07:37 Success.
2024-06-12 11:07:37 Latest version is 1.6.3
2024-06-12 11:07:37 App is up to date.
2024-06-12 12:07:36 Checking for update using Github
2024-06-12 12:07:37 Success.
2024-06-12 12:07:37 Latest version is 1.6.3
2024-06-12 12:07:37 App is up to date.
2024-06-12 13:07:36 Checking for update using Github
2024-06-12 13:07:37 Success.
2024-06-12 13:07:37 Latest version is 1.6.3
2024-06-12 13:07:37 App is up to date.
2024-06-12 14:07:36 Checking for update using Github
2024-06-12 14:07:37 Success.
2024-06-12 14:07:37 Latest version is 1.6.3
2024-06-12 14:07:37 App is up to date.
2024-06-12 15:07:37 Checking for update using Github
2024-06-12 15:07:37 Success.
2024-06-12 15:07:37 Latest version is 1.6.3
2024-06-12 15:07:37 App is up to date.
2024-06-12 16:07:37 Checking for update using Github
2024-06-12 16:07:37 Success.
2024-06-12 16:07:37 Latest version is 1.6.3
2024-06-12 16:07:37 App is up to date.
2024-06-12 17:07:37 Checking for update using Github
2024-06-12 17:07:37 Success.
2024-06-12 17:07:37 Latest version is 1.6.3
2024-06-12 17:07:37 App is up to date.
2024-06-12 18:07:37 Checking for update using Github
2024-06-12 18:07:37 Success.
2024-06-12 18:07:37 Latest version is 1.6.3
2024-06-12 18:07:37 App is up to date.
2024-06-12 19:07:37 Checking for update using Github
2024-06-12 19:07:37 Success.
2024-06-12 19:07:37 Latest version is 1.6.3
2024-06-12 19:07:37 App is up to date.
2024-06-13 06:41:17 Loading main app package /usr/lib/obsidian/obsidian.asar
2024-06-13 06:41:17 Checking for update using Github
2024-06-13 06:41:17 Failed to check for update using Github (net::ERR_NAME_NOT_RESOLVED)
2024-06-13 06:41:17 Checking for update using obsidian.md
2024-06-13 06:41:17 Failed to check for update using obsidian.md (net::ERR_NAME_NOT_RESOLVED)
2024-06-13 07:41:17 Checking for update using Github
2024-06-13 07:41:17 Success.
2024-06-13 07:41:17 Latest version is 1.6.3
2024-06-13 07:41:17 App is up to date.
2024-06-13 08:41:17 Checking for update using Github
2024-06-13 08:41:17 Success.
2024-06-13 08:41:17 Latest version is 1.6.3
2024-06-13 08:41:17 App is up to date.
2024-06-13 09:41:17 Checking for update using Github
2024-06-13 09:41:17 Success.
2024-06-13 09:41:17 Latest version is 1.6.3
2024-06-13 09:41:17 App is up to date.
2024-06-13 10:41:17 Checking for update using Github
2024-06-13 10:41:17 Success.
2024-06-13 10:41:17 Latest version is 1.6.3
2024-06-13 10:41:17 App is up to date.
2024-06-13 11:41:17 Checking for update using Github
2024-06-13 11:41:17 Success.
2024-06-13 11:41:17 Latest version is 1.6.3
2024-06-13 11:41:17 App is up to date.
2024-06-13 12:41:17 Checking for update using Github
2024-06-13 12:41:17 Success.
2024-06-13 12:41:17 Latest version is 1.6.3
2024-06-13 12:41:17 App is up to date.
2024-06-13 13:41:17 Checking for update using Github
2024-06-13 13:41:17 Success.
2024-06-13 13:41:17 Latest version is 1.6.3
2024-06-13 13:41:17 App is up to date.
2024-06-13 14:41:17 Checking for update using Github
2024-06-13 14:41:18 Success.
2024-06-13 14:41:18 Latest version is 1.6.3
2024-06-13 14:41:18 App is up to date.
2024-06-13 15:41:17 Checking for update using Github
2024-06-13 15:41:18 Success.
2024-06-13 15:41:18 Latest version is 1.6.3
2024-06-13 15:41:18 App is up to date.
2024-06-13 16:41:17 Checking for update using Github
2024-06-13 16:41:18 Success.
2024-06-13 16:41:18 Latest version is 1.6.3
2024-06-13 16:41:18 App is up to date.
2024-06-13 17:41:17 Checking for update using Github
2024-06-13 17:41:18 Success.
2024-06-13 17:41:18 Latest version is 1.6.3
2024-06-13 17:41:18 App is up to date.
2024-06-14 07:17:45 Loading main app package /usr/lib/obsidian/obsidian.asar
2024-06-14 07:17:45 Checking for update using Github
2024-06-14 07:17:45 Success.
2024-06-14 07:17:45 Latest version is 1.6.3
2024-06-14 07:17:45 App is up to date.
2024-06-14 08:17:45 Checking for update using Github
2024-06-14 08:17:45 Success.
2024-06-14 08:17:45 Latest version is 1.6.3
2024-06-14 08:17:45 App is up to date.
2024-06-14 09:17:45 Checking for update using Github
2024-06-14 09:17:45 Success.
2024-06-14 09:17:45 Latest version is 1.6.3
2024-06-14 09:17:45 App is up to date.
2024-06-14 10:17:45 Checking for update using Github
2024-06-14 10:17:45 Success.
2024-06-14 10:17:45 Latest version is 1.6.3
2024-06-14 10:17:45 App is up to date.
2024-06-14 11:17:45 Checking for update using Github
2024-06-14 11:17:45 Success.
2024-06-14 11:17:45 Latest version is 1.6.3
2024-06-14 11:17:45 App is up to date.
2024-06-14 12:17:45 Checking for update using Github
2024-06-14 12:17:46 Success.
2024-06-14 12:17:46 Latest version is 1.6.3
2024-06-14 12:17:46 App is up to date.
2024-06-14 13:14:19 Loading main app package /usr/lib/obsidian/obsidian.asar
2024-06-14 13:14:19 Checking for update using Github
2024-06-14 13:14:19 Failed to check for update using Github (net::ERR_NAME_NOT_RESOLVED)
2024-06-14 13:14:19 Checking for update using obsidian.md
2024-06-14 13:14:19 Failed to check for update using obsidian.md (net::ERR_NAME_NOT_RESOLVED)
2024-06-14 14:14:19 Checking for update using Github
2024-06-14 14:14:19 Success.
2024-06-14 14:14:19 Latest version is 1.6.3
2024-06-14 14:14:19 App is up to date.
2024-06-14 15:14:19 Checking for update using Github
2024-06-14 15:14:19 Success.
2024-06-14 15:14:19 Latest version is 1.6.3
2024-06-14 15:14:19 App is up to date.
2024-06-14 16:14:19 Checking for update using Github
2024-06-14 16:14:19 Success.
2024-06-14 16:14:19 Latest version is 1.6.3
2024-06-14 16:14:19 App is up to date.
2024-06-14 17:14:19 Checking for update using Github
2024-06-14 17:14:20 Success.
2024-06-14 17:14:20 Latest version is 1.6.3
2024-06-14 17:14:20 App is up to date.
2024-06-14 18:14:19 Checking for update using Github
2024-06-14 18:14:20 Success.
2024-06-14 18:14:20 Latest version is 1.6.3
2024-06-14 18:14:20 App is up to date.
2024-06-14 19:14:19 Checking for update using Github
2024-06-14 19:14:20 Success.
2024-06-14 19:14:20 Latest version is 1.6.3
2024-06-14 19:14:20 App is up to date.
2024-06-15 05:49:10 Loading main app package /usr/lib/obsidian/obsidian.asar
2024-06-15 05:49:10 Checking for update using Github
2024-06-15 05:49:12 Success.
2024-06-15 05:49:12 Latest version is 1.6.3
2024-06-15 05:49:12 App is up to date.
2024-06-15 06:49:10 Checking for update using Github
2024-06-15 06:49:11 Success.
2024-06-15 06:49:11 Latest version is 1.6.3
2024-06-15 06:49:11 App is up to date.
2024-06-15 07:49:10 Checking for update using Github
2024-06-15 07:49:11 Success.
2024-06-15 07:49:11 Latest version is 1.6.3
2024-06-15 07:49:11 App is up to date.
2024-06-15 08:49:10 Checking for update using Github
2024-06-15 08:49:11 Success.
2024-06-15 08:49:11 Latest version is 1.6.3
2024-06-15 08:49:11 App is up to date.
2024-06-15 09:49:10 Checking for update using Github
2024-06-15 09:49:11 Success.
2024-06-15 09:49:11 Latest version is 1.6.3
2024-06-15 09:49:11 App is up to date.
2024-06-15 10:49:10 Checking for update using Github
2024-06-15 10:49:11 Success.
2024-06-15 10:49:11 Latest version is 1.6.3
2024-06-15 10:49:11 App is up to date.
2024-06-15 11:49:10 Checking for update using Github
2024-06-15 11:49:11 Success.
2024-06-15 11:49:11 Latest version is 1.6.3
2024-06-15 11:49:11 App is up to date.
2024-06-15 12:05:19 Loading main app package /usr/lib/obsidian/obsidian.asar
2024-06-15 12:05:19 Checking for update using Github
2024-06-15 12:05:19 Failed to check for update using Github (net::ERR_NAME_NOT_RESOLVED)
2024-06-15 12:05:19 Checking for update using obsidian.md
2024-06-15 12:05:19 Failed to check for update using obsidian.md (net::ERR_NAME_NOT_RESOLVED)
2024-06-15 13:05:19 Checking for update using Github
2024-06-15 13:05:20 Success.
2024-06-15 13:05:20 Latest version is 1.6.3
2024-06-15 13:05:20 App is up to date.
2024-06-15 14:05:19 Checking for update using Github
2024-06-15 14:05:20 Success.
2024-06-15 14:05:20 Latest version is 1.6.3
2024-06-15 14:05:20 App is up to date.
2024-06-15 15:05:19 Checking for update using Github
2024-06-15 15:05:20 Success.
2024-06-15 15:05:20 Latest version is 1.6.3
2024-06-15 15:05:20 App is up to date.
2024-06-15 16:05:19 Checking for update using Github
2024-06-15 16:05:20 Success.
2024-06-15 16:05:20 Latest version is 1.6.3
2024-06-15 16:05:20 App is up to date.
2024-06-15 17:05:20 Checking for update using Github
2024-06-15 17:05:20 Success.
2024-06-15 17:05:20 Latest version is 1.6.3
2024-06-15 17:05:20 App is up to date.
2024-06-15 18:05:20 Checking for update using Github
2024-06-15 18:05:20 Success.
2024-06-15 18:05:20 Latest version is 1.6.3
2024-06-15 18:05:20 App is up to date.
2024-06-15 19:05:20 Checking for update using Github
2024-06-15 19:05:20 Success.
2024-06-15 19:05:20 Latest version is 1.6.3
2024-06-15 19:05:20 App is up to date.
2024-06-16 06:13:48 Loading main app package /usr/lib/obsidian/obsidian.asar
2024-06-16 06:13:48 Checking for update using Github
2024-06-16 06:13:48 Success.
2024-06-16 06:13:48 Latest version is 1.6.3
2024-06-16 06:13:48 App is up to date.
2024-06-16 07:13:48 Checking for update using Github
2024-06-16 07:13:48 Success.
2024-06-16 07:13:48 Latest version is 1.6.3
2024-06-16 07:13:48 App is up to date.
2024-06-16 08:13:48 Checking for update using Github
2024-06-16 08:13:48 Success.
2024-06-16 08:13:48 Latest version is 1.6.3
2024-06-16 08:13:48 App is up to date.
2024-06-16 09:13:48 Checking for update using Github
2024-06-16 09:13:48 Success.
2024-06-16 09:13:48 Latest version is 1.6.3
2024-06-16 09:13:48 App is up to date.
2024-06-16 10:13:48 Checking for update using Github
2024-06-16 10:13:48 Success.
2024-06-16 10:13:48 Latest version is 1.6.3
2024-06-16 10:13:48 App is up to date.
2024-06-16 11:13:48 Checking for update using Github
2024-06-16 11:13:48 Success.
2024-06-16 11:13:48 Latest version is 1.6.3
2024-06-16 11:13:48 App is up to date.
2024-06-16 12:13:48 Checking for update using Github
2024-06-16 12:13:48 Success.
2024-06-16 12:13:48 Latest version is 1.6.3
2024-06-16 12:13:48 App is up to date.
2024-06-16 13:13:48 Checking for update using Github
2024-06-16 13:13:48 Success.
2024-06-16 13:13:48 Latest version is 1.6.3
2024-06-16 13:13:48 App is up to date.
2024-06-16 14:13:48 Checking for update using Github
2024-06-16 14:13:48 Success.
2024-06-16 14:13:48 Latest version is 1.6.3
2024-06-16 14:13:48 App is up to date.
2024-06-16 15:13:48 Checking for update using Github
2024-06-16 15:13:48 Success.
2024-06-16 15:13:48 Latest version is 1.6.3
2024-06-16 15:13:48 App is up to date.
2024-06-16 16:13:48 Checking for update using Github
2024-06-16 16:13:49 Success.
2024-06-16 16:13:49 Latest version is 1.6.3
2024-06-16 16:13:49 App is up to date.
2024-06-16 17:13:48 Checking for update using Github
2024-06-16 17:13:49 Success.
2024-06-16 17:13:49 Latest version is 1.6.3
2024-06-16 17:13:49 App is up to date.
2024-06-16 18:13:48 Checking for update using Github
2024-06-16 18:13:49 Success.
2024-06-16 18:13:49 Latest version is 1.6.3
2024-06-16 18:13:49 App is up to date.
2024-06-16 19:13:48 Checking for update using Github
2024-06-16 19:13:49 Success.
2024-06-16 19:13:49 Latest version is 1.6.3
2024-06-16 19:13:49 App is up to date.
2024-06-17 06:38:10 Loading main app package /usr/lib/obsidian/obsidian.asar
2024-06-17 06:38:10 Checking for update using Github
2024-06-17 06:38:10 Success.
2024-06-17 06:38:10 Latest version is 1.6.3
2024-06-17 06:38:10 App is up to date.
2024-06-17 07:38:10 Checking for update using Github
2024-06-17 07:38:10 Success.
2024-06-17 07:38:10 Latest version is 1.6.3
2024-06-17 07:38:10 App is up to date.
2024-06-17 08:38:10 Checking for update using Github
2024-06-17 08:38:11 Success.
2024-06-17 08:38:11 Latest version is 1.6.3
2024-06-17 08:38:11 App is up to date.
2024-06-17 09:38:10 Checking for update using Github
2024-06-17 09:38:10 Success.
2024-06-17 09:38:10 Latest version is 1.6.3
2024-06-17 09:38:10 App is up to date.
2024-06-17 10:38:10 Checking for update using Github
2024-06-17 10:38:10 Success.
2024-06-17 10:38:10 Latest version is 1.6.3
2024-06-17 10:38:10 App is up to date.
2024-06-17 11:38:10 Checking for update using Github
2024-06-17 11:38:10 Success.
2024-06-17 11:38:10 Latest version is 1.6.3
2024-06-17 11:38:10 App is up to date.
2024-06-17 12:38:10 Checking for update using Github
2024-06-17 12:38:11 Success.
2024-06-17 12:38:11 Latest version is 1.6.3
2024-06-17 12:38:11 App is up to date.
2024-06-17 13:38:10 Checking for update using Github
2024-06-17 13:38:11 Success.
2024-06-17 13:38:11 Latest version is 1.6.3
2024-06-17 13:38:11 App is up to date.
2024-06-17 14:38:10 Checking for update using Github
2024-06-17 14:38:11 Success.
2024-06-17 14:38:11 Latest version is 1.6.3
2024-06-17 14:38:11 App is up to date.
2024-06-17 15:38:10 Checking for update using Github
2024-06-17 15:38:30 Failed to check for update using Github (net::ERR_NAME_NOT_RESOLVED)
2024-06-17 15:38:30 Checking for update using obsidian.md
2024-06-17 15:38:50 Failed to check for update using obsidian.md (net::ERR_NAME_NOT_RESOLVED)
2024-06-17 16:38:11 Checking for update using Github
2024-06-17 16:38:11 Success.
2024-06-17 16:38:11 Latest version is 1.6.3
2024-06-17 16:38:11 App is up to date.
2024-06-18 09:32:26 Loading main app package /usr/lib/obsidian/obsidian.asar
2024-06-18 09:32:26 Checking for update using Github
2024-06-18 09:32:26 Success.
2024-06-18 09:32:26 Latest version is 1.6.3
2024-06-18 09:32:26 App is up to date.
2024-06-18 09:53:59 Loading main app package /usr/lib/obsidian/obsidian.asar
2024-06-18 09:54:00 Checking for update using Github
2024-06-18 09:54:00 Success.
2024-06-18 09:54:00 Latest version is 1.6.3
2024-06-18 09:54:00 App is up to date.
2024-06-18 10:53:59 Checking for update using Github
2024-06-18 10:54:00 Success.
2024-06-18 10:54:00 Latest version is 1.6.3
2024-06-18 10:54:00 App is up to date.
2024-06-18 11:53:59 Checking for update using Github
2024-06-18 11:54:00 Success.
2024-06-18 11:54:00 Latest version is 1.6.3
2024-06-18 11:54:00 App is up to date.
2024-06-18 12:53:59 Checking for update using Github
2024-06-18 12:54:00 Success.
2024-06-18 12:54:00 Latest version is 1.6.3
2024-06-18 12:54:00 App is up to date.
2024-06-18 13:53:59 Checking for update using Github
2024-06-18 13:54:00 Success.
2024-06-18 13:54:00 Latest version is 1.6.3
2024-06-18 13:54:00 App is up to date.
2024-06-18 14:54:00 Checking for update using Github
2024-06-18 14:54:00 Success.
2024-06-18 14:54:00 Latest version is 1.6.3
2024-06-18 14:54:00 App is up to date.
2024-06-18 15:54:00 Checking for update using Github
2024-06-18 15:54:00 Success.
2024-06-18 15:54:00 Latest version is 1.6.3
2024-06-18 15:54:00 App is up to date.
2024-06-18 16:54:00 Checking for update using Github
2024-06-18 16:54:00 Success.
2024-06-18 16:54:00 Latest version is 1.6.3
2024-06-18 16:54:00 App is up to date.
2024-06-18 17:54:00 Checking for update using Github
2024-06-18 17:54:00 Success.
2024-06-18 17:54:00 Latest version is 1.6.3
2024-06-18 17:54:00 App is up to date.
2024-06-19 08:18:26 Loading main app package /usr/lib/obsidian/obsidian.asar
2024-06-19 08:18:26 Checking for update using Github
2024-06-19 08:18:27 Success.
2024-06-19 08:18:27 Latest version is 1.6.3
2024-06-19 08:18:27 App is up to date.
2024-06-19 09:18:26 Checking for update using Github
2024-06-19 09:18:27 Success.
2024-06-19 09:18:27 Latest version is 1.6.3
2024-06-19 09:18:27 App is up to date.
2024-06-19 10:18:26 Checking for update using Github
2024-06-19 10:18:27 Success.
2024-06-19 10:18:27 Latest version is 1.6.3
2024-06-19 10:18:27 App is up to date.
2024-06-19 11:18:26 Checking for update using Github
2024-06-19 11:18:27 Success.
2024-06-19 11:18:27 Latest version is 1.6.3
2024-06-19 11:18:27 App is up to date.
2024-06-19 12:18:26 Checking for update using Github
2024-06-19 12:18:27 Success.
2024-06-19 12:18:27 Latest version is 1.6.3
2024-06-19 12:18:27 App is up to date.
2024-06-19 13:18:26 Checking for update using Github
2024-06-19 13:18:27 Success.
2024-06-19 13:18:27 Latest version is 1.6.3
2024-06-19 13:18:27 App is up to date.
2024-06-19 14:18:26 Checking for update using Github
2024-06-19 14:18:27 Success.
2024-06-19 14:18:27 Latest version is 1.6.3
2024-06-19 14:18:27 App is up to date.
